<?xml version="1.0" encoding="UTF-8"?>
<!-- Generated by org.testng.reporters.JUnitXMLReporter -->
<testsuite ignored="0" hostname="DESKTOP-E3G2GH2" failures="0" tests="6" name="Command line test" time="0.13" errors="0" timestamp="2022-07-18T16:36:10 IST">
  <testcase classname="krishnapriyavommi.Mavenjava.APITest" name="IOSApps" time="0.012"/>
  <testcase classname="krishnapriyavommi.Mavenjava.APITest" name="nativeAppAndroid" time="0.0"/>
  <testcase classname="krishnapriyavommi.Mavenjava.AppiumTest" name="deleteTwitter" time="0.001"/>
  <testcase classname="krishnapriyavommi.Mavenjava.AppiumTest" name="postJira" time="0.005"/>
  <testcase classname="krishnapriyavommi.Mavenjava.SeleniumTest" name="BrowserAutomation" time="0.001"/>
  <testcase classname="krishnapriyavommi.Mavenjava.SeleniumTest" name="elementsUi" time="0.001"/>
</testsuite> <!-- Command line test -->
