<?xml version="1.0" encoding="UTF-8"?>
<!-- Generated by org.testng.reporters.JUnitXMLReporter -->
<testsuite ignored="0" hostname="DESKTOP-E3G2GH2" failures="0" tests="4" name="Test" time="0.153" errors="0" timestamp="2022-07-18T16:35:23 IST">
  <testcase classname="krishnapriyavommi.Mavenjava.SeleniumTest" name="BrowserAutomation" time="0.011"/>
  <testcase classname="krishnapriyavommi.Mavenjava.SeleniumTest" name="elementsUi" time="0.001"/>
  <testcase classname="krishnapriyavommi.Mavenjava.AppiumTest" name="deleteTwitter" time="0.001"/>
  <testcase classname="krishnapriyavommi.Mavenjava.AppiumTest" name="postJira" time="0.0"/>
</testsuite> <!-- Test -->
