<?xml version="1.0" encoding="UTF-8"?>
<testng-results ignored="0" total="6" passed="6" failed="0" skipped="0">
  <reporter-output>
  </reporter-output>
  <suite started-at="2022-07-18T16:36:10 IST" name="Command line suite" finished-at="2022-07-18T16:36:10 IST" duration-ms="130">
    <groups>
    </groups>
    <test started-at="2022-07-18T16:36:10 IST" name="Command line test" finished-at="2022-07-18T16:36:10 IST" duration-ms="130">
      <class name="krishnapriyavommi.Mavenjava.AppiumTest">
        <test-method signature="deleteTwitter()[pri:0, instance:krishnapriyavommi.Mavenjava.AppiumTest@731f8236]" started-at="2022-07-18T16:36:10 IST" name="deleteTwitter" finished-at="2022-07-18T16:36:10 IST" duration-ms="1" status="PASS">
          <reporter-output>
          </reporter-output>
        </test-method> <!-- deleteTwitter -->
        <test-method signature="postJira()[pri:0, instance:krishnapriyavommi.Mavenjava.AppiumTest@731f8236]" started-at="2022-07-18T16:36:10 IST" name="postJira" finished-at="2022-07-18T16:36:10 IST" duration-ms="5" status="PASS">
          <reporter-output>
          </reporter-output>
        </test-method> <!-- postJira -->
      </class> <!-- krishnapriyavommi.Mavenjava.AppiumTest -->
      <class name="krishnapriyavommi.Mavenjava.APITest">
        <test-method signature="IOSApps()[pri:0, instance:krishnapriyavommi.Mavenjava.APITest@4d49af10]" started-at="2022-07-18T16:36:10 IST" name="IOSApps" finished-at="2022-07-18T16:36:10 IST" duration-ms="12" status="PASS">
          <reporter-output>
          </reporter-output>
        </test-method> <!-- IOSApps -->
        <test-method signature="nativeAppAndroid()[pri:0, instance:krishnapriyavommi.Mavenjava.APITest@4d49af10]" started-at="2022-07-18T16:36:10 IST" name="nativeAppAndroid" finished-at="2022-07-18T16:36:10 IST" duration-ms="0" status="PASS">
          <reporter-output>
          </reporter-output>
        </test-method> <!-- nativeAppAndroid -->
      </class> <!-- krishnapriyavommi.Mavenjava.APITest -->
      <class name="krishnapriyavommi.Mavenjava.SeleniumTest">
        <test-method signature="BrowserAutomation()[pri:0, instance:krishnapriyavommi.Mavenjava.SeleniumTest@255b53dc]" started-at="2022-07-18T16:36:10 IST" name="BrowserAutomation" finished-at="2022-07-18T16:36:10 IST" duration-ms="1" status="PASS">
          <reporter-output>
          </reporter-output>
        </test-method> <!-- BrowserAutomation -->
        <test-method signature="elementsUi()[pri:0, instance:krishnapriyavommi.Mavenjava.SeleniumTest@255b53dc]" started-at="2022-07-18T16:36:10 IST" name="elementsUi" finished-at="2022-07-18T16:36:10 IST" duration-ms="1" status="PASS">
          <reporter-output>
          </reporter-output>
        </test-method> <!-- elementsUi -->
      </class> <!-- krishnapriyavommi.Mavenjava.SeleniumTest -->
    </test> <!-- Command line test -->
  </suite> <!-- Command line suite -->
</testng-results>
