<?xml version="1.0" encoding="UTF-8"?>
<testng-results ignored="0" total="2" passed="2" failed="0" skipped="0">
  <reporter-output>
  </reporter-output>
  <suite started-at="2022-07-18T14:39:43 IST" name="Default suite" finished-at="2022-07-18T14:39:43 IST" duration-ms="87">
    <groups>
    </groups>
    <test started-at="2022-07-18T14:39:43 IST" name="Default test" finished-at="2022-07-18T14:39:43 IST" duration-ms="87">
      <class name="krishnapriyavommi.Mavenjava.AppiumTest">
        <test-method signature="deleteTwitter()[pri:0, instance:krishnapriyavommi.Mavenjava.AppiumTest@6f46426d]" started-at="2022-07-18T14:39:43 IST" name="deleteTwitter" finished-at="2022-07-18T14:39:43 IST" duration-ms="15" status="PASS">
          <reporter-output>
          </reporter-output>
        </test-method> <!-- deleteTwitter -->
        <test-method signature="postJira()[pri:0, instance:krishnapriyavommi.Mavenjava.AppiumTest@6f46426d]" started-at="2022-07-18T14:39:43 IST" name="postJira" finished-at="2022-07-18T14:39:43 IST" duration-ms="3" status="PASS">
          <reporter-output>
          </reporter-output>
        </test-method> <!-- postJira -->
      </class> <!-- krishnapriyavommi.Mavenjava.AppiumTest -->
    </test> <!-- Default test -->
  </suite> <!-- Default suite -->
</testng-results>
